Started GET "/home" for ::1 at 2021-06-28 16:59:06 -0300
  [1m[35m (0.3ms)[0m  [1m[34mSELECT sqlite_version(*)[0m
  
ActionController::RoutingError (No route matches [GET] "/home"):
  
Started GET "/home/index" for ::1 at 2021-06-28 17:04:17 -0300
Processing by HomeController#index as HTML
  Rendering layout layouts/application.html.erb
  Rendering home/index.html.erb within layouts/application
  Rendered home/index.html.erb within layouts/application (Duration: 0.3ms | Allocations: 105)
[Webpacker] Compiling...
[Webpacker] Compiled all packs in /home/nekaze/repos/Rails-project/public/packs
[Webpacker] Though the "loose" option was set to "false" in your @babel/preset-env config, it will not be used for @babel/plugin-proposal-private-methods since the "loose" mode option was set to "true" for @babel/plugin-proposal-class-properties.
The "loose" option must be the same for @babel/plugin-proposal-class-properties, @babel/plugin-proposal-private-methods and @babel/plugin-proposal-private-property-in-object (when they are enabled): you can silence this warning by explicitly adding
	["@babel/plugin-proposal-private-methods", { "loose": true }]
to the "plugins" section of your Babel config.
Though the "loose" option was set to "false" in your @babel/preset-env config, it will not be used for @babel/plugin-proposal-private-methods since the "loose" mode option was set to "true" for @babel/plugin-proposal-class-properties.
The "loose" option must be the same for @babel/plugin-proposal-class-properties, @babel/plugin-proposal-private-methods and @babel/plugin-proposal-private-property-in-object (when they are enabled): you can silence this warning by explicitly adding
	["@babel/plugin-proposal-private-methods", { "loose": true }]
to the "plugins" section of your Babel config.
Though the "loose" option was set to "false" in your @babel/preset-env config, it will not be used for @babel/plugin-proposal-private-methods since the "loose" mode option was set to "true" for @babel/plugin-proposal-class-properties.
The "loose" option must be the same for @babel/plugin-proposal-class-properties, @babel/plugin-proposal-private-methods and @babel/plugin-proposal-private-property-in-object (when they are enabled): you can silence this warning by explicitly adding
	["@babel/plugin-proposal-private-methods", { "loose": true }]
to the "plugins" section of your Babel config.
Though the "loose" option was set to "false" in your @babel/preset-env config, it will not be used for @babel/plugin-proposal-private-methods since the "loose" mode option was set to "true" for @babel/plugin-proposal-class-properties.
The "loose" option must be the same for @babel/plugin-proposal-class-properties, @babel/plugin-proposal-private-methods and @babel/plugin-proposal-private-property-in-object (when they are enabled): you can silence this warning by explicitly adding
	["@babel/plugin-proposal-private-methods", { "loose": true }]
to the "plugins" section of your Babel config.
Though the "loose" option was set to "false" in your @babel/preset-env config, it will not be used for @babel/plugin-proposal-private-methods since the "loose" mode option was set to "true" for @babel/plugin-proposal-class-properties.
The "loose" option must be the same for @babel/plugin-proposal-class-properties, @babel/plugin-proposal-private-methods and @babel/plugin-proposal-private-property-in-object (when they are enabled): you can silence this warning by explicitly adding
	["@babel/plugin-proposal-private-methods", { "loose": true }]
to the "plugins" section of your Babel config.
Though the "loose" option was set to "false" in your @babel/preset-env config, it will not be used for @babel/plugin-proposal-private-methods since the "loose" mode option was set to "true" for @babel/plugin-proposal-class-properties.
The "loose" option must be the same for @babel/plugin-proposal-class-properties, @babel/plugin-proposal-private-methods and @babel/plugin-proposal-private-property-in-object (when they are enabled): you can silence this warning by explicitly adding
	["@babel/plugin-proposal-private-methods", { "loose": true }]
to the "plugins" section of your Babel config.

[Webpacker] Hash: e2a8a876c5815bee1e21
Version: webpack 4.46.0
Time: 963ms
Built at: 06/28/2021 5:04:19 PM
                                     Asset       Size       Chunks                         Chunk Names
    js/application-e421b4aa3f716bebdab1.js    125 KiB  application  [emitted] [immutable]  application
js/application-e421b4aa3f716bebdab1.js.map    139 KiB  application  [emitted] [dev]        application
                             manifest.json  364 bytes               [emitted]              
Entrypoint application = js/application-e421b4aa3f716bebdab1.js js/application-e421b4aa3f716bebdab1.js.map
[./app/javascript/channels sync recursive _channel\.js$] ./app/javascript/channels sync _channel\.js$ 160 bytes {application} [built]
[./app/javascript/channels/index.js] 211 bytes {application} [built]
[./app/javascript/packs/application.js] 492 bytes {application} [built]
[./node_modules/webpack/buildin/module.js] (webpack)/buildin/module.js 552 bytes {application} [built]
    + 3 hidden modules

  Rendered layout layouts/application.html.erb (Duration: 2317.2ms | Allocations: 16264)
Completed 200 OK in 2328ms (Views: 2320.6ms | ActiveRecord: 0.0ms | Allocations: 18164)


Started GET "/home/index" for ::1 at 2021-06-28 17:08:38 -0300
  [1m[35m (0.4ms)[0m  [1m[34mSELECT sqlite_version(*)[0m
Processing by HomeController#index as HTML
  Rendering layout layouts/application.html.erb
  Rendering home/index.html.erb within layouts/application
  Rendered home/index.html.erb within layouts/application (Duration: 0.3ms | Allocations: 214)
[Webpacker] Everything's up-to-date. Nothing to do
  Rendered layout layouts/application.html.erb (Duration: 4.6ms | Allocations: 5204)
Completed 200 OK in 9ms (Views: 5.8ms | ActiveRecord: 0.0ms | Allocations: 7779)


Started GET "/home/index" for ::1 at 2021-06-28 17:08:52 -0300
Processing by HomeController#index as HTML
  Rendering layout layouts/application.html.erb
  Rendering home/index.html.erb within layouts/application
  Rendered home/index.html.erb within layouts/application (Duration: 0.2ms | Allocations: 101)
[Webpacker] Everything's up-to-date. Nothing to do
  Rendered layout layouts/application.html.erb (Duration: 7.9ms | Allocations: 3214)
Completed 200 OK in 10ms (Views: 8.8ms | ActiveRecord: 0.0ms | Allocations: 4300)


Started GET "/home/index" for ::1 at 2021-06-28 17:10:37 -0300
  
ActionController::RoutingError (No route matches [GET] "/home/index"):
  
Started GET "/" for ::1 at 2021-06-28 17:10:45 -0300
Processing by HomeController#index as HTML
  Rendering layout layouts/application.html.erb
  Rendering home/index.html.erb within layouts/application
  Rendered home/index.html.erb within layouts/application (Duration: 0.1ms | Allocations: 36)
[Webpacker] Everything's up-to-date. Nothing to do
  Rendered layout layouts/application.html.erb (Duration: 3.7ms | Allocations: 3116)
Completed 200 OK in 5ms (Views: 4.4ms | Allocations: 3688)


Started GET "/" for ::1 at 2021-06-28 17:12:44 -0300
  [1m[35m (0.3ms)[0m  [1m[34mSELECT sqlite_version(*)[0m
Processing by HomeController#index as HTML
  Rendering layout layouts/application.html.erb
  Rendering home/index.html.erb within layouts/application
  Rendered home/index.html.erb within layouts/application (Duration: 0.3ms | Allocations: 216)
[Webpacker] Everything's up-to-date. Nothing to do
  Rendered layout layouts/application.html.erb (Duration: 4.6ms | Allocations: 5207)
Completed 200 OK in 9ms (Views: 5.8ms | ActiveRecord: 0.0ms | Allocations: 7782)


Started GET "/" for ::1 at 2021-06-28 17:19:37 -0300
Processing by HomeController#index as HTML
  Rendering layout layouts/application.html.erb
  Rendering home/index.html.erb within layouts/application
  Rendered home/index.html.erb within layouts/application (Duration: 0.1ms | Allocations: 36)
[Webpacker] Everything's up-to-date. Nothing to do
  Rendered layout layouts/application.html.erb (Duration: 9.3ms | Allocations: 2974)
Completed 200 OK in 11ms (Views: 9.9ms | Allocations: 3355)


Started GET "/" for ::1 at 2021-06-30 13:56:37 -0300
  [1m[35m (0.6ms)[0m  [1m[34mSELECT sqlite_version(*)[0m
Processing by HomeController#index as HTML
  Rendering layout layouts/application.html.erb
  Rendering home/index.html.erb within layouts/application
  Rendered home/index.html.erb within layouts/application (Duration: 0.6ms | Allocations: 216)
[Webpacker] Everything's up-to-date. Nothing to do
  Rendered layout layouts/application.html.erb (Duration: 10.2ms | Allocations: 5207)
Completed 200 OK in 16ms (Views: 12.0ms | ActiveRecord: 0.0ms | Allocations: 7782)


Started GET "/home/about" for ::1 at 2021-06-30 13:59:31 -0300
Processing by HomeController#about as HTML
  Rendering layout layouts/application.html.erb
  Rendering home/about.html.erb within layouts/application
  Rendered home/about.html.erb within layouts/application (Duration: 0.2ms | Allocations: 106)
[Webpacker] Everything's up-to-date. Nothing to do
  Rendered layout layouts/application.html.erb (Duration: 7.4ms | Allocations: 3205)
Completed 200 OK in 11ms (Views: 10.4ms | Allocations: 4298)


Started GET "/home/about" for ::1 at 2021-06-30 14:01:04 -0300
Processing by HomeController#about as HTML
  Rendering layout layouts/application.html.erb
  Rendering home/about.html.erb within layouts/application
  Rendered home/about.html.erb within layouts/application (Duration: 0.2ms | Allocations: 100)
[Webpacker] Everything's up-to-date. Nothing to do
  Rendered layout layouts/application.html.erb (Duration: 6.3ms | Allocations: 3213)
Completed 200 OK in 8ms (Views: 7.6ms | Allocations: 4291)


Started GET "/" for ::1 at 2021-06-30 14:01:14 -0300
Processing by HomeController#index as HTML
  Rendering layout layouts/application.html.erb
  Rendering home/index.html.erb within layouts/application
  Rendered home/index.html.erb within layouts/application (Duration: 0.2ms | Allocations: 105)
[Webpacker] Everything's up-to-date. Nothing to do
  Rendered layout layouts/application.html.erb (Duration: 2.2ms | Allocations: 3054)
Completed 200 OK in 3ms (Views: 2.5ms | Allocations: 3556)


Started GET "/home/about" for ::1 at 2021-06-30 14:01:17 -0300
Processing by HomeController#about as HTML
  Rendering layout layouts/application.html.erb
  Rendering home/about.html.erb within layouts/application
  Rendered home/about.html.erb within layouts/application (Duration: 0.1ms | Allocations: 36)
[Webpacker] Everything's up-to-date. Nothing to do
  Rendered layout layouts/application.html.erb (Duration: 2.1ms | Allocations: 2973)
Completed 200 OK in 3ms (Views: 2.4ms | Allocations: 3353)


Started GET "/home/about" for ::1 at 2021-06-30 14:05:48 -0300
Processing by HomeController#about as HTML
  Rendering layout layouts/application.html.erb
  Rendering home/about.html.erb within layouts/application
  Rendered home/about.html.erb within layouts/application (Duration: 0.2ms | Allocations: 100)
[Webpacker] Everything's up-to-date. Nothing to do
  Rendered layout layouts/application.html.erb (Duration: 2.5ms | Allocations: 3228)
Completed 200 OK in 4ms (Views: 3.3ms | Allocations: 4318)


Started GET "/" for ::1 at 2021-06-30 14:05:56 -0300
Processing by HomeController#index as HTML
  Rendering layout layouts/application.html.erb
  Rendering home/index.html.erb within layouts/application
  Rendered home/index.html.erb within layouts/application (Duration: 0.2ms | Allocations: 102)
[Webpacker] Everything's up-to-date. Nothing to do
  Rendered layout layouts/application.html.erb (Duration: 2.4ms | Allocations: 3041)
Completed 200 OK in 3ms (Views: 2.7ms | Allocations: 3540)


Started GET "/home/about" for ::1 at 2021-06-30 14:06:20 -0300
Processing by HomeController#about as HTML
  Rendering layout layouts/application.html.erb
  Rendering home/about.html.erb within layouts/application
  Rendered home/about.html.erb within layouts/application (Duration: 0.1ms | Allocations: 36)
[Webpacker] Everything's up-to-date. Nothing to do
  Rendered layout layouts/application.html.erb (Duration: 2.2ms | Allocations: 2971)
Completed 200 OK in 3ms (Views: 2.5ms | Allocations: 3346)


Started GET "/home/about" for ::1 at 2021-06-30 14:07:00 -0300
Processing by HomeController#about as HTML
  Rendering layout layouts/application.html.erb
  Rendering home/about.html.erb within layouts/application
  Rendered home/about.html.erb within layouts/application (Duration: 0.2ms | Allocations: 100)
[Webpacker] Everything's up-to-date. Nothing to do
  Rendered layout layouts/application.html.erb (Duration: 2.3ms | Allocations: 3226)
Completed 200 OK in 4ms (Views: 3.2ms | Allocations: 4304)


Started GET "/" for ::1 at 2021-06-30 14:07:03 -0300
Processing by HomeController#index as HTML
  Rendering layout layouts/application.html.erb
  Rendering home/index.html.erb within layouts/application
  Rendered home/index.html.erb within layouts/application (Duration: 0.5ms | Allocations: 102)
[Webpacker] Everything's up-to-date. Nothing to do
  Rendered layout layouts/application.html.erb (Duration: 3.8ms | Allocations: 3041)
Completed 200 OK in 6ms (Views: 4.8ms | Allocations: 3540)


Started GET "/" for ::1 at 2021-06-30 14:07:04 -0300
Processing by HomeController#index as HTML
  Rendering layout layouts/application.html.erb
  Rendering home/index.html.erb within layouts/application
  Rendered home/index.html.erb within layouts/application (Duration: 0.1ms | Allocations: 36)
[Webpacker] Everything's up-to-date. Nothing to do
  Rendered layout layouts/application.html.erb (Duration: 2.6ms | Allocations: 2974)
Completed 200 OK in 4ms (Views: 3.0ms | Allocations: 3354)


Started GET "/" for ::1 at 2021-06-30 14:07:32 -0300
Processing by HomeController#index as HTML
  Rendering layout layouts/application.html.erb
  Rendering home/index.html.erb within layouts/application
  Rendered home/index.html.erb within layouts/application (Duration: 0.2ms | Allocations: 102)
[Webpacker] Everything's up-to-date. Nothing to do
  Rendered layout layouts/application.html.erb (Duration: 2.3ms | Allocations: 3229)
Completed 200 OK in 4ms (Views: 3.1ms | Allocations: 4307)


Started GET "/" for ::1 at 2021-06-30 14:07:46 -0300
Processing by HomeController#index as HTML
  Rendering layout layouts/application.html.erb
  Rendering home/index.html.erb within layouts/application
  Rendered home/index.html.erb within layouts/application (Duration: 0.2ms | Allocations: 102)
[Webpacker] Everything's up-to-date. Nothing to do
  Rendered layout layouts/application.html.erb (Duration: 2.3ms | Allocations: 3230)
Completed 200 OK in 4ms (Views: 3.1ms | Allocations: 4310)


Started GET "/" for ::1 at 2021-06-30 14:10:11 -0300
Processing by HomeController#index as HTML
  Rendering layout layouts/application.html.erb
  Rendering home/index.html.erb within layouts/application
  Rendered home/index.html.erb within layouts/application (Duration: 0.2ms | Allocations: 102)
[Webpacker] Everything's up-to-date. Nothing to do
  Rendered home/_header.html.erb (Duration: 0.2ms | Allocations: 106)
  Rendered layout layouts/application.html.erb (Duration: 2.8ms | Allocations: 3540)
Completed 200 OK in 4ms (Views: 3.7ms | Allocations: 4618)


Started GET "/" for ::1 at 2021-06-30 14:10:55 -0300
Processing by HomeController#index as HTML
  Rendering layout layouts/application.html.erb
  Rendering home/index.html.erb within layouts/application
  Rendered home/index.html.erb within layouts/application (Duration: 0.1ms | Allocations: 36)
[Webpacker] Everything's up-to-date. Nothing to do
  Rendered home/_header.html.erb (Duration: 0.0ms | Allocations: 38)
  Rendered layout layouts/application.html.erb (Duration: 2.1ms | Allocations: 3069)
Completed 200 OK in 3ms (Views: 2.5ms | Allocations: 3444)


Started GET "/home/about" for ::1 at 2021-06-30 14:10:59 -0300
Processing by HomeController#about as HTML
  Rendering layout layouts/application.html.erb
  Rendering home/about.html.erb within layouts/application
  Rendered home/about.html.erb within layouts/application (Duration: 0.2ms | Allocations: 100)
[Webpacker] Everything's up-to-date. Nothing to do
  Rendered home/_header.html.erb (Duration: 0.1ms | Allocations: 38)
  Rendered layout layouts/application.html.erb (Duration: 4.8ms | Allocations: 3142)
Completed 200 OK in 6ms (Views: 5.2ms | Allocations: 3641)


Started GET "/home/about" for ::1 at 2021-06-30 14:12:16 -0300
Processing by HomeController#about as HTML
  Rendering layout layouts/application.html.erb
  Rendering home/about.html.erb within layouts/application
  Rendered home/about.html.erb within layouts/application (Duration: 0.2ms | Allocations: 103)
[Webpacker] Everything's up-to-date. Nothing to do
  Rendered home/_header.html.erb (Duration: 0.1ms | Allocations: 140)
  Rendered layout layouts/application.html.erb (Duration: 2.9ms | Allocations: 3577)
Completed 200 OK in 4ms (Views: 3.7ms | Allocations: 4663)


Started GET "/home/about" for ::1 at 2021-06-30 14:12:27 -0300
Processing by HomeController#about as HTML
  Rendering layout layouts/application.html.erb
  Rendering home/about.html.erb within layouts/application
  Rendered home/about.html.erb within layouts/application (Duration: 0.1ms | Allocations: 36)
[Webpacker] Everything's up-to-date. Nothing to do
  Rendered home/_header.html.erb (Duration: 0.1ms | Allocations: 38)
  Rendered layout layouts/application.html.erb (Duration: 3.2ms | Allocations: 3158)
Completed 200 OK in 4ms (Views: 3.6ms | Allocations: 3539)


Started GET "/home/about" for ::1 at 2021-06-30 14:13:17 -0300
Processing by HomeController#about as HTML
  Rendering layout layouts/application.html.erb
  Rendering home/about.html.erb within layouts/application
  Rendered home/about.html.erb within layouts/application (Duration: 0.2ms | Allocations: 100)
[Webpacker] Everything's up-to-date. Nothing to do
  Rendered home/_header.html.erb (Duration: 0.2ms | Allocations: 140)
  Rendered layout layouts/application.html.erb (Duration: 3.1ms | Allocations: 3565)
Completed 200 OK in 5ms (Views: 3.9ms | Allocations: 4643)


Started GET "/home/about" for ::1 at 2021-06-30 14:13:28 -0300
Processing by HomeController#about as HTML
  Rendering layout layouts/application.html.erb
  Rendering home/about.html.erb within layouts/application
  Rendered home/about.html.erb within layouts/application (Duration: 0.2ms | Allocations: 100)
[Webpacker] Everything's up-to-date. Nothing to do
  Rendered home/_header.html.erb (Duration: 0.2ms | Allocations: 139)
  Rendered layout layouts/application.html.erb (Duration: 2.9ms | Allocations: 3564)
Completed 200 OK in 4ms (Views: 3.7ms | Allocations: 4642)


Started GET "/home/about" for ::1 at 2021-06-30 14:13:35 -0300
Processing by HomeController#about as HTML
  Rendering layout layouts/application.html.erb
  Rendering home/about.html.erb within layouts/application
  Rendered home/about.html.erb within layouts/application (Duration: 0.1ms | Allocations: 36)
[Webpacker] Everything's up-to-date. Nothing to do
  Rendered home/_header.html.erb (Duration: 0.1ms | Allocations: 38)
  Rendered layout layouts/application.html.erb (Duration: 2.4ms | Allocations: 3068)
Completed 200 OK in 3ms (Views: 2.7ms | Allocations: 3443)


Started GET "/" for ::1 at 2021-06-30 14:13:36 -0300
Processing by HomeController#index as HTML
  Rendering layout layouts/application.html.erb
  Rendering home/index.html.erb within layouts/application
  Rendered home/index.html.erb within layouts/application (Duration: 0.2ms | Allocations: 102)
[Webpacker] Everything's up-to-date. Nothing to do
  Rendered home/_header.html.erb (Duration: 0.1ms | Allocations: 38)
  Rendered layout layouts/application.html.erb (Duration: 2.5ms | Allocations: 3135)
Completed 200 OK in 3ms (Views: 2.8ms | Allocations: 3634)


Started GET "/home/about" for ::1 at 2021-06-30 14:14:24 -0300
Processing by HomeController#about as HTML
  Rendering layout layouts/application.html.erb
  Rendering home/about.html.erb within layouts/application
  Rendered home/about.html.erb within layouts/application (Duration: 0.2ms | Allocations: 100)
[Webpacker] Everything's up-to-date. Nothing to do
  Rendered home/_header.html.erb (Duration: 0.1ms | Allocations: 136)
  Rendered layout layouts/application.html.erb (Duration: 2.8ms | Allocations: 3561)
Completed 200 OK in 4ms (Views: 3.5ms | Allocations: 4639)


Started GET "/" for ::1 at 2021-06-30 14:14:26 -0300
Processing by HomeController#index as HTML
  Rendering layout layouts/application.html.erb
  Rendering home/index.html.erb within layouts/application
  Rendered home/index.html.erb within layouts/application (Duration: 0.2ms | Allocations: 102)
[Webpacker] Everything's up-to-date. Nothing to do
  Rendered home/_header.html.erb (Duration: 0.1ms | Allocations: 38)
  Rendered layout layouts/application.html.erb (Duration: 2.7ms | Allocations: 3135)
Completed 200 OK in 4ms (Views: 3.1ms | Allocations: 3634)


Started GET "/" for ::1 at 2021-06-30 14:14:47 -0300
Processing by HomeController#index as HTML
  Rendering layout layouts/application.html.erb
  Rendering home/index.html.erb within layouts/application
  Rendered home/index.html.erb within layouts/application (Duration: 0.2ms | Allocations: 103)
[Webpacker] Everything's up-to-date. Nothing to do
  Rendered home/_header.html.erb (Duration: 0.2ms | Allocations: 125)
  Rendered layout layouts/application.html.erb (Duration: 2.9ms | Allocations: 3562)
Completed 200 OK in 4ms (Views: 3.7ms | Allocations: 4644)


Started GET "/home/about" for ::1 at 2021-06-30 14:14:49 -0300
Processing by HomeController#about as HTML
  Rendering layout layouts/application.html.erb
  Rendering home/about.html.erb within layouts/application
  Rendered home/about.html.erb within layouts/application (Duration: 0.2ms | Allocations: 100)
[Webpacker] Everything's up-to-date. Nothing to do
  Rendered home/_header.html.erb (Duration: 0.0ms | Allocations: 38)
  Rendered layout layouts/application.html.erb (Duration: 2.7ms | Allocations: 3134)
Completed 200 OK in 4ms (Views: 3.0ms | Allocations: 3634)


Started GET "/" for ::1 at 2021-06-30 14:15:28 -0300
Processing by HomeController#index as HTML
  Rendering layout layouts/application.html.erb
  Rendering home/index.html.erb within layouts/application
  Rendered home/index.html.erb within layouts/application (Duration: 0.2ms | Allocations: 102)
[Webpacker] Everything's up-to-date. Nothing to do
  Rendered home/_header.html.erb (Duration: 0.1ms | Allocations: 122)
  Rendered layout layouts/application.html.erb (Duration: 2.8ms | Allocations: 3550)
Completed 200 OK in 4ms (Views: 3.6ms | Allocations: 4630)


Started GET "/" for ::1 at 2021-06-30 14:33:01 -0300
Processing by HomeController#index as HTML
  Rendering layout layouts/application.html.erb
  Rendering home/index.html.erb within layouts/application
  Rendered home/index.html.erb within layouts/application (Duration: 0.2ms | Allocations: 105)
[Webpacker] Everything's up-to-date. Nothing to do
  Rendered home/_header.html.erb (Duration: 0.3ms | Allocations: 193)
  Rendered layout layouts/application.html.erb (Duration: 3.1ms | Allocations: 3635)
Completed 200 OK in 5ms (Views: 4.2ms | Allocations: 4720)


Started GET "/home/about" for ::1 at 2021-06-30 14:33:05 -0300
Processing by HomeController#about as HTML
  Rendering layout layouts/application.html.erb
  Rendering home/about.html.erb within layouts/application
  Rendered home/about.html.erb within layouts/application (Duration: 0.2ms | Allocations: 101)
[Webpacker] Everything's up-to-date. Nothing to do
  Rendered home/_header.html.erb (Duration: 0.1ms | Allocations: 72)
  Rendered layout layouts/application.html.erb (Duration: 2.7ms | Allocations: 3175)
Completed 200 OK in 4ms (Views: 3.0ms | Allocations: 3676)


Started GET "/home/about" for ::1 at 2021-06-30 14:33:08 -0300
Processing by HomeController#about as HTML
  Rendering layout layouts/application.html.erb
  Rendering home/about.html.erb within layouts/application
  Rendered home/about.html.erb within layouts/application (Duration: 0.1ms | Allocations: 36)
[Webpacker] Everything's up-to-date. Nothing to do
  Rendered home/_header.html.erb (Duration: 0.2ms | Allocations: 67)
  Rendered layout layouts/application.html.erb (Duration: 2.6ms | Allocations: 3094)
Completed 200 OK in 4ms (Views: 3.0ms | Allocations: 3472)


Started GET "/" for ::1 at 2021-06-30 14:33:10 -0300
Processing by HomeController#index as HTML
  Rendering layout layouts/application.html.erb
  Rendering home/index.html.erb within layouts/application
  Rendered home/index.html.erb within layouts/application (Duration: 0.1ms | Allocations: 36)
[Webpacker] Everything's up-to-date. Nothing to do
  Rendered home/_header.html.erb (Duration: 0.1ms | Allocations: 67)
  Rendered layout layouts/application.html.erb (Duration: 2.3ms | Allocations: 3095)
Completed 200 OK in 3ms (Views: 2.6ms | Allocations: 3469)


Started GET "/" for ::1 at 2021-06-30 14:33:20 -0300
Processing by HomeController#index as HTML
  Rendering layout layouts/application.html.erb
  Rendering home/index.html.erb within layouts/application
  Rendered home/index.html.erb within layouts/application (Duration: 0.2ms | Allocations: 102)
[Webpacker] Everything's up-to-date. Nothing to do
  Rendered home/_header.html.erb (Duration: 0.2ms | Allocations: 178)
  Rendered layout layouts/application.html.erb (Duration: 2.9ms | Allocations: 3607)
Completed 200 OK in 4ms (Views: 3.7ms | Allocations: 4689)


Started GET "/home/about" for ::1 at 2021-06-30 14:34:01 -0300
Processing by HomeController#about as HTML
  Rendering layout layouts/application.html.erb
  Rendering home/about.html.erb within layouts/application
  Rendered home/about.html.erb within layouts/application (Duration: 0.2ms | Allocations: 100)
[Webpacker] Everything's up-to-date. Nothing to do
  Rendered home/_header.html.erb (Duration: 0.1ms | Allocations: 72)
  Rendered layout layouts/application.html.erb (Duration: 2.7ms | Allocations: 3166)
Completed 200 OK in 4ms (Views: 3.0ms | Allocations: 3665)


Started GET "/" for ::1 at 2021-06-30 14:34:05 -0300
Processing by HomeController#index as HTML
  Rendering layout layouts/application.html.erb
  Rendering home/index.html.erb within layouts/application
  Rendered home/index.html.erb within layouts/application (Duration: 0.1ms | Allocations: 36)
[Webpacker] Everything's up-to-date. Nothing to do
  Rendered home/_header.html.erb (Duration: 0.2ms | Allocations: 67)
  Rendered layout layouts/application.html.erb (Duration: 4.4ms | Allocations: 3185)
Completed 200 OK in 5ms (Views: 4.8ms | Allocations: 3566)


Started GET "/" for ::1 at 2021-06-30 14:34:14 -0300
Processing by HomeController#index as HTML
  Rendering layout layouts/application.html.erb
  Rendering home/index.html.erb within layouts/application
  Rendered home/index.html.erb within layouts/application (Duration: 0.1ms | Allocations: 36)
[Webpacker] Everything's up-to-date. Nothing to do
  Rendered home/_header.html.erb (Duration: 0.2ms | Allocations: 67)
  Rendered layout layouts/application.html.erb (Duration: 3.9ms | Allocations: 3512)
Completed 200 OK in 5ms (Views: 4.4ms | Allocations: 3916)


Started GET "/" for ::1 at 2021-06-30 14:35:34 -0300
Processing by HomeController#index as HTML
  Rendering layout layouts/application.html.erb
  Rendering home/index.html.erb within layouts/application
  Rendered home/index.html.erb within layouts/application (Duration: 0.2ms | Allocations: 102)
[Webpacker] Everything's up-to-date. Nothing to do
  Rendered home/_header.html.erb (Duration: 0.5ms | Allocations: 224)
  Rendered layout layouts/application.html.erb (Duration: 3.9ms | Allocations: 3652)
Completed 200 OK in 6ms (Views: 4.9ms | Allocations: 4731)


Started GET "/home/about" for ::1 at 2021-06-30 14:35:36 -0300
Processing by HomeController#about as HTML
  Rendering layout layouts/application.html.erb
  Rendering home/about.html.erb within layouts/application
  Rendered home/about.html.erb within layouts/application (Duration: 0.4ms | Allocations: 120)
[Webpacker] Everything's up-to-date. Nothing to do
  Rendered home/_header.html.erb (Duration: 0.2ms | Allocations: 95)
  Rendered layout layouts/application.html.erb (Duration: 4.3ms | Allocations: 3336)
Completed 200 OK in 6ms (Views: 5.3ms | Allocations: 4287)


Started GET "/" for ::1 at 2021-06-30 14:35:37 -0300
Processing by HomeController#index as HTML
  Rendering layout layouts/application.html.erb
  Rendering home/index.html.erb within layouts/application
  Rendered home/index.html.erb within layouts/application (Duration: 0.1ms | Allocations: 36)
[Webpacker] Everything's up-to-date. Nothing to do
  Rendered home/_header.html.erb (Duration: 0.2ms | Allocations: 89)
  Rendered layout layouts/application.html.erb (Duration: 4.2ms | Allocations: 3245)
Completed 200 OK in 5ms (Views: 4.7ms | Allocations: 3648)


Started GET "/home/about" for ::1 at 2021-06-30 14:35:38 -0300
Processing by HomeController#about as HTML
  Rendering layout layouts/application.html.erb
  Rendering home/about.html.erb within layouts/application
  Rendered home/about.html.erb within layouts/application (Duration: 0.2ms | Allocations: 36)
[Webpacker] Everything's up-to-date. Nothing to do
  Rendered home/_header.html.erb (Duration: 0.3ms | Allocations: 89)
  Rendered layout layouts/application.html.erb (Duration: 4.2ms | Allocations: 3145)
Completed 200 OK in 6ms (Views: 5.1ms | Allocations: 3942)


Started GET "/" for ::1 at 2021-06-30 14:35:38 -0300
Processing by HomeController#index as HTML
  Rendering layout layouts/application.html.erb
  Rendering home/index.html.erb within layouts/application
  Rendered home/index.html.erb within layouts/application (Duration: 0.1ms | Allocations: 37)
[Webpacker] Everything's up-to-date. Nothing to do
  Rendered home/_header.html.erb (Duration: 0.3ms | Allocations: 89)
  Rendered layout layouts/application.html.erb (Duration: 4.3ms | Allocations: 3243)
Completed 200 OK in 5ms (Views: 4.8ms | Allocations: 3647)


Started GET "/home/about" for ::1 at 2021-06-30 14:58:27 -0300
Processing by HomeController#about as HTML
  Rendering layout layouts/application.html.erb
  Rendering home/about.html.erb within layouts/application
  Rendered home/about.html.erb within layouts/application (Duration: 0.1ms | Allocations: 36)
[Webpacker] Everything's up-to-date. Nothing to do
  Rendered home/_header.html.erb (Duration: 0.3ms | Allocations: 89)
  Rendered layout layouts/application.html.erb (Duration: 5.6ms | Allocations: 3732)
Completed 200 OK in 7ms (Views: 6.0ms | Allocations: 4111)


Started GET "/" for ::1 at 2021-06-30 14:58:28 -0300
Processing by HomeController#index as HTML
  Rendering layout layouts/application.html.erb
  Rendering home/index.html.erb within layouts/application
  Rendered home/index.html.erb within layouts/application (Duration: 0.1ms | Allocations: 36)
[Webpacker] Everything's up-to-date. Nothing to do
  Rendered home/_header.html.erb (Duration: 0.2ms | Allocations: 89)
  Rendered layout layouts/application.html.erb (Duration: 5.0ms | Allocations: 3701)
Completed 200 OK in 6ms (Views: 5.3ms | Allocations: 4079)


Started GET "/home/about" for ::1 at 2021-06-30 15:02:13 -0300
  [1m[35m (0.2ms)[0m  [1m[34mSELECT sqlite_version(*)[0m
Processing by HomeController#about as HTML
  Rendering layout layouts/application.html.erb
  Rendering home/about.html.erb within layouts/application
  Rendered home/about.html.erb within layouts/application (Duration: 0.3ms | Allocations: 214)
[Webpacker] Everything's up-to-date. Nothing to do
  Rendered home/_header.html.erb (Duration: 0.4ms | Allocations: 246)
  Rendered layout layouts/application.html.erb (Duration: 5.0ms | Allocations: 5673)
Completed 200 OK in 9ms (Views: 6.0ms | ActiveRecord: 0.0ms | Allocations: 8248)


Started GET "/home/about" for ::1 at 2021-06-30 15:02:15 -0300
Processing by HomeController#about as HTML
  Rendering layout layouts/application.html.erb
  Rendering home/about.html.erb within layouts/application
  Rendered home/about.html.erb within layouts/application (Duration: 0.1ms | Allocations: 36)
[Webpacker] Everything's up-to-date. Nothing to do
  Rendered home/_header.html.erb (Duration: 0.2ms | Allocations: 89)
  Rendered layout layouts/application.html.erb (Duration: 3.3ms | Allocations: 3121)
Completed 200 OK in 4ms (Views: 3.7ms | ActiveRecord: 0.0ms | Allocations: 3505)


Started GET "/" for ::1 at 2021-06-30 15:02:15 -0300
Processing by HomeController#index as HTML
  Rendering layout layouts/application.html.erb
  Rendering home/index.html.erb within layouts/application
  Rendered home/index.html.erb within layouts/application (Duration: 0.2ms | Allocations: 107)
[Webpacker] Everything's up-to-date. Nothing to do
  Rendered home/_header.html.erb (Duration: 0.2ms | Allocations: 95)
  Rendered layout layouts/application.html.erb (Duration: 3.0ms | Allocations: 3210)
Completed 200 OK in 4ms (Views: 3.5ms | ActiveRecord: 0.0ms | Allocations: 3799)


Started GET "/home/about" for ::1 at 2021-06-30 15:03:17 -0300
Processing by HomeController#about as HTML
  Rendering layout layouts/application.html.erb
  Rendering home/about.html.erb within layouts/application
  Rendered home/about.html.erb within layouts/application (Duration: 0.1ms | Allocations: 36)
[Webpacker] Everything's up-to-date. Nothing to do
  Rendered home/_header.html.erb (Duration: 0.2ms | Allocations: 89)
  Rendered layout layouts/application.html.erb (Duration: 4.7ms | Allocations: 3180)
Completed 200 OK in 7ms (Views: 6.0ms | ActiveRecord: 0.0ms | Allocations: 3960)


Started GET "/" for ::1 at 2021-06-30 15:03:18 -0300
Processing by HomeController#index as HTML
  Rendering layout layouts/application.html.erb
  Rendering home/index.html.erb within layouts/application
  Rendered home/index.html.erb within layouts/application (Duration: 0.1ms | Allocations: 36)
[Webpacker] Everything's up-to-date. Nothing to do
  Rendered home/_header.html.erb (Duration: 0.2ms | Allocations: 89)
  Rendered layout layouts/application.html.erb (Duration: 8.6ms | Allocations: 3210)
Completed 200 OK in 11ms (Views: 9.6ms | ActiveRecord: 0.0ms | Allocations: 3597)


Started GET "/" for ::1 at 2021-06-30 15:04:04 -0300
Processing by HomeController#index as HTML
  Rendering layout layouts/application.html.erb
  Rendering home/index.html.erb within layouts/application
  Rendered home/index.html.erb within layouts/application (Duration: 0.1ms | Allocations: 36)
[Webpacker] Everything's up-to-date. Nothing to do
  Rendered home/_header.html.erb (Duration: 0.1ms | Allocations: 89)
  Rendered layout layouts/application.html.erb (Duration: 4.6ms | Allocations: 3117)
Completed 200 OK in 6ms (Views: 5.8ms | ActiveRecord: 0.0ms | Allocations: 3491)


